<?xml version="1.0" encoding="UTF-8"?>
<testsuite xmlns:xsi="http://www.w3.org/2001/XMLSchema-instance" xsi:noNamespaceSchemaLocation="https://maven.apache.org/surefire/maven-surefire-plugin/xsd/surefire-test-report.xsd" name="com.example.scoreTest" time="0.066" tests="8" errors="0" skipped="0" failures="0">
  <properties>
    <property name="java.specification.version" value="17"/>
    <property name="sun.cpu.isalist" value="amd64"/>
    <property name="sun.jnu.encoding" value="MS950"/>
    <property name="java.class.path" value="C:\JUnit\demo\target\test-classes;C:\JUnit\demo\target\classes;C:\Users\helle\.m2\repository\junit\junit\4.11\junit-4.11.jar;C:\Users\helle\.m2\repository\org\hamcrest\hamcrest-core\1.3\hamcrest-core-1.3.jar;"/>
    <property name="java.vm.vendor" value="Oracle Corporation"/>
    <property name="sun.arch.data.model" value="64"/>
    <property name="user.variant" value=""/>
    <property name="java.vendor.url" value="https://java.oracle.com/"/>
    <property name="user.timezone" value="Asia/Taipei"/>
    <property name="os.name" value="Windows 10"/>
    <property name="java.vm.specification.version" value="17"/>
    <property name="sun.java.launcher" value="SUN_STANDARD"/>
    <property name="user.country" value="TW"/>
    <property name="sun.boot.library.path" value="C:\Program Files\Java\jdk-17.0.1\bin"/>
    <property name="sun.java.command" value="C:\Users\helle\AppData\Local\Temp\surefire6023034393295313536\surefirebooter13700165334380692890.jar C:\Users\helle\AppData\Local\Temp\surefire6023034393295313536 2022-01-04T21-51-11_745-jvmRun1 surefire7428304923014378934tmp surefire_016036918455152993818tmp"/>
    <property name="jdk.debug" value="release"/>
    <property name="surefire.test.class.path" value="C:\JUnit\demo\target\test-classes;C:\JUnit\demo\target\classes;C:\Users\helle\.m2\repository\junit\junit\4.11\junit-4.11.jar;C:\Users\helle\.m2\repository\org\hamcrest\hamcrest-core\1.3\hamcrest-core-1.3.jar;"/>
    <property name="sun.cpu.endian" value="little"/>
    <property name="user.home" value="C:\Users\helle"/>
    <property name="user.language" value="zh"/>
    <property name="java.specification.vendor" value="Oracle Corporation"/>
    <property name="java.version.date" value="2021-10-19"/>
    <property name="java.home" value="C:\Program Files\Java\jdk-17.0.1"/>
    <property name="file.separator" value="\"/>
    <property name="basedir" value="C:\JUnit\demo"/>
    <property name="java.vm.compressedOopsMode" value="Zero based"/>
    <property name="line.separator" value="&#10;"/>
    <property name="java.vm.specification.vendor" value="Oracle Corporation"/>
    <property name="java.specification.name" value="Java Platform API Specification"/>
    <property name="surefire.real.class.path" value="C:\Users\helle\AppData\Local\Temp\surefire6023034393295313536\surefirebooter13700165334380692890.jar"/>
    <property name="user.script" value=""/>
    <property name="sun.management.compiler" value="HotSpot 64-Bit Tiered Compilers"/>
    <property name="java.runtime.version" value="17.0.1+12-LTS-39"/>
    <property name="user.name" value="helle"/>
    <property name="path.separator" value=";"/>
    <property name="os.version" value="10.0"/>
    <property name="java.runtime.name" value="Java(TM) SE Runtime Environment"/>
    <property name="file.encoding" value="MS950"/>
    <property name="java.vm.name" value="Java HotSpot(TM) 64-Bit Server VM"/>
    <property name="localRepository" value="C:\Users\helle\.m2\repository"/>
    <property name="java.vendor.url.bug" value="https://bugreport.java.com/bugreport/"/>
    <property name="java.io.tmpdir" value="C:\Users\helle\AppData\Local\Temp\"/>
    <property name="java.version" value="17.0.1"/>
    <property name="user.dir" value="C:\JUnit\demo"/>
    <property name="os.arch" value="amd64"/>
    <property name="java.vm.specification.name" value="Java Virtual Machine Specification"/>
    <property name="sun.os.patch.level" value=""/>
    <property name="native.encoding" value="MS950"/>
    <property name="java.library.path" value="C:\Program Files\Java\jdk-17.0.1\bin;C:\WINDOWS\Sun\Java\bin;C:\WINDOWS\system32;C:\WINDOWS;C:\Program Files\Common Files\Oracle\Java\javapath;C:\Program Files (x86)\AdoptOpenJDK\jdk-15.0.2.7-hotspot\bin;C:\Program Files\NVIDIA GPU Computing Toolkit\CUDA\v10.0\bin;C:\Program Files\NVIDIA GPU Computing Toolkit\CUDA\v10.0\libnvvp;C:\Program Files (x86)\Intel\Intel(R) Management Engine Components\iCLS\;C:\Program Files\Intel\Intel(R) Management Engine Components\iCLS\;C:\Windows\system32;C:\Windows;C:\Windows\System32\Wbem;C:\Windows\System32\WindowsPowerShell\v1.0\;C:\Program Files (x86)\Intel\Intel(R) Management Engine Components\DAL;C:\Program Files\Intel\Intel(R) Management Engine Components\DAL;C:\Program Files (x86)\Intel\Intel(R) Management Engine Components\IPT;C:\Program Files\Intel\Intel(R) Management Engine Components\IPT;C:\Program Files (x86)\NVIDIA Corporation\PhysX\Common;C:\WINDOWS\system32;C:\WINDOWS;C:\WINDOWS\System32\Wbem;C:\WINDOWS\System32\WindowsPowerShell\v1.0\;C:\WINDOWS\System32\OpenSSH\;C:\Program Files\Intel\WiFi\bin\;C:\Program Files\Common Files\Intel\WirelessCommon\;C:\Program Files\dotnet\;C:\Program Files\NVIDIA Corporation\NVIDIA NvDLISR;C:\Program Files\Graphviz\bin;C:\Program Files\apache-maven-3.6.3\bin;C:\Program Files\Git\cmd;C:\Program Files\Git\bin;C:\WINDOWS\system32;C:\WINDOWS;C:\WINDOWS\System32\Wbem;C:\WINDOWS\System32\WindowsPowerShell\v1.0\;C:\WINDOWS\System32\OpenSSH\;C:\Program Files\LLVM\bin;C:\Program Files (x86)\dotnet\;C:\ProgramData\chocolatey\bin;C:\Program Files\Java\jdk-17.0.1\bin;C:\Program Files\Java\jdk-17.0.1\jre\bin;C:\apache-maven-3.8.3\bin;C:\Program Files\nodejs\;C:\Users\helle\AppData\Local\Programs\Python\Python37\;C:\Users\helle\AppData\Local\Programs\Python\Python37\Scripts\;C:\Users\helle\Downloads\sonar-scanner-4.6.2.2472-windows\bin;C:\Users\helle\AppData\Local\Programs\Python\Python37\Scripts\;C:\Users\helle\AppData\Local\Programs\Python\Python37\;C:\Program Files\MySQL\MySQL Shell 8.0\bin\;C:\Users\helle\AppData\Local\Programs\Python\Python38-32\Scripts\;C:\Users\helle\AppData\Local\Programs\Python\Python38-32\;C:\Users\helle\AppData\Local\Microsoft\WindowsApps;C:\Users\helle\AppData\Local\atom\bin;C:\Users\helle\AppData\Local\Programs\MiKTeX 2.9\miktex\bin\x64\;C:\Users\helle\AppData\Local\Microsoft\WindowsApps;C:\Users\helle\AppData\Local\Programs\Microsoft VS Code\bin;C:\intelFPGA_lite\19.1\modelsim_ase\win32aloem;C:\Program Files\IntelliJ IDEA Community Edition 2021.2.3\bin;;C:\Users\helle\AppData\Local\nvs\default;C:\Users\helle\AppData\Local\nvs\;C:\Users\helle\AppData\Roaming\npm;;."/>
    <property name="java.vm.info" value="mixed mode, sharing"/>
    <property name="java.vendor" value="Oracle Corporation"/>
    <property name="java.vm.version" value="17.0.1+12-LTS-39"/>
    <property name="sun.io.unicode.encoding" value="UnicodeLittle"/>
    <property name="java.class.version" value="61.0"/>
  </properties>
  <testcase name="partitionTest1" classname="com.example.scoreTest" time="0.004"/>
  <testcase name="partitionTest2" classname="com.example.scoreTest" time="0.002"/>
  <testcase name="partitionTest3" classname="com.example.scoreTest" time="0.001"/>
  <testcase name="partitionTest4" classname="com.example.scoreTest" time="0.001"/>
  <testcase name="partitionTest5" classname="com.example.scoreTest" time="0.001"/>
  <testcase name="partitionTest6" classname="com.example.scoreTest" time="0.001"/>
  <testcase name="partitionTest7" classname="com.example.scoreTest" time="0.001"/>
  <testcase name="boundaryTests" classname="com.example.scoreTest" time="0.02"/>
</testsuite>